<?xml version="1.0" encoding="UTF-8" ?>

<testsuite failures="0" time="0.175" errors="0" skipped="0" tests="1" name="BasicTest">
  <testcase classname="BasicTest" name="connectPersonne" time="0.175">
      </testcase>
</testsuite>
